
-- Error: bad object reference --
We enountered 1153 problems resolving object references.
The row numbers with problems were:
row number 3 references the object  3
row number 4 references the object  4
row number 5 references the object  4
row number 6 references the object  4
row number 7 references the object  4
row number 8 references the object  3
row number 9 references the object  9
row number 10 references the object  3
row number 11 references the object  11
row number 12 references the object  11
row number 13 references the object  11
row number 14 references the object  3
row number 15 references the object  15
row number 16 references the object  3
row number 17 references the object  17
row number 18 references the object  17
row number 19 references the object  17
row number 20 references the object  17
row number 21 references the object  3
row number 22 references the object  22
row number 23 references the object  22
row number 24 references the object  22
row number 25 references the object  3
row number 26 references the object  26
row number 27 references the object  26
row number 28 references the object  26
row number 29 references the object  26
row number 30 references the object  26
row number 31 references the object  3
row number 32 references the object  32
row number 33 references the object  3
row number 34 references the object  34
row number 35 references the object  34
row number 36 references the object  3
row number 37 references the object  37
row number 38 references the object  37
row number 39 references the object  3
row number 40 references the object  40
row number 41 references the object  40
row number 42 references the object  40
row number 43 references the object  40
row number 44 references the object  3
row number 45 references the object  45
row number 46 references the object  45
row number 47 references the object  45
row number 48 references the object  45
row number 49 references the object  3
row number 50 references the object  50
row number 51 references the object  50
row number 52 references the object  50
row number 53 references the object  50
row number 54 references the object  50
row number 55 references the object  3
row number 56 references the object  56
row number 57 references the object  56
row number 58 references the object  56
row number 59 references the object  56
row number 60 references the object  3
row number 61 references the object  61
row number 62 references the object  61
row number 63 references the object  61
row number 64 references the object  3
row number 65 references the object  65
row number 66 references the object  65
row number 67 references the object  65
row number 68 references the object  65
row number 69 references the object  3
row number 70 references the object  70
row number 71 references the object  70
row number 72 references the object  70
row number 73 references the object  70
row number 74 references the object  70
row number 75 references the object  70
row number 76 references the object  3
row number 77 references the object  77
row number 78 references the object  77
row number 79 references the object  77
row number 80 references the object  77
row number 81 references the object  77
row number 82 references the object  3
row number 83 references the object  83
row number 84 references the object  83
row number 85 references the object  83
row number 86 references the object  83
row number 87 references the object  3
row number 88 references the object  88
row number 89 references the object  88
row number 90 references the object  88
row number 91 references the object  88
row number 92 references the object  3
row number 93 references the object  93
row number 94 references the object  93
row number 95 references the object  93
row number 96 references the object  3
row number 97 references the object  97
row number 98 references the object  97
row number 99 references the object  97
row number 100 references the object  97
row number 101 references the object  3
row number 102 references the object  102
row number 103 references the object  102
row number 104 references the object  3
row number 105 references the object  105
row number 106 references the object  105
row number 107 references the object  3
row number 108 references the object  108
row number 109 references the object  108
row number 110 references the object  108
row number 111 references the object  3
row number 112 references the object  112
row number 113 references the object  112
row number 114 references the object  112
row number 115 references the object  112
row number 116 references the object  3
row number 117 references the object  117
row number 118 references the object  117
row number 119 references the object  3
row number 120 references the object  120
row number 121 references the object  120
row number 122 references the object  120
row number 123 references the object  120
row number 124 references the object  120
row number 125 references the object  120
row number 126 references the object  120
row number 127 references the object  3
row number 128 references the object  128
row number 129 references the object  128
row number 130 references the object  3
row number 131 references the object  131
row number 132 references the object  131
row number 133 references the object  131
row number 134 references the object  3
row number 135 references the object  135
row number 136 references the object  135
row number 137 references the object  135
row number 138 references the object  135
row number 139 references the object  135
row number 140 references the object  135
row number 141 references the object  3
row number 142 references the object  142
row number 143 references the object  142
row number 144 references the object  142
row number 145 references the object  142
row number 146 references the object  142
row number 147 references the object  3
row number 148 references the object  148
row number 149 references the object  148
row number 150 references the object  148
row number 151 references the object  3
row number 152 references the object  152
row number 153 references the object  152
row number 154 references the object  152
row number 155 references the object  152
row number 156 references the object  152
row number 157 references the object  152
row number 158 references the object  3
row number 159 references the object  159
row number 160 references the object  159
row number 161 references the object  159
row number 162 references the object  159
row number 163 references the object  159
row number 164 references the object  159
row number 165 references the object  159
row number 166 references the object  3
row number 167 references the object  167
row number 168 references the object  167
row number 169 references the object  167
row number 170 references the object  167
row number 171 references the object  167
row number 172 references the object  167
row number 173 references the object  3
row number 174 references the object  174
row number 175 references the object  174
row number 176 references the object  174
row number 177 references the object  3
row number 178 references the object  178
row number 179 references the object  178
row number 180 references the object  178
row number 181 references the object  178
row number 182 references the object  178
row number 183 references the object  178
row number 184 references the object  178
row number 185 references the object  178
row number 186 references the object  3
row number 187 references the object  187
row number 188 references the object  187
row number 189 references the object  187
row number 190 references the object  187
row number 191 references the object  187
row number 192 references the object  187
row number 193 references the object  187
row number 194 references the object  187
row number 195 references the object  3
row number 196 references the object  196
row number 197 references the object  196
row number 198 references the object  196
row number 199 references the object  196
row number 200 references the object  3
row number 201 references the object  201
row number 202 references the object  201
row number 203 references the object  201
row number 204 references the object  201
row number 205 references the object  3
row number 206 references the object  206
row number 207 references the object  206
row number 208 references the object  206
row number 209 references the object  206
row number 210 references the object  206
row number 211 references the object  206
row number 212 references the object  3
row number 213 references the object  213
row number 214 references the object  213
row number 215 references the object  213
row number 216 references the object  213
row number 217 references the object  3
row number 218 references the object  218
row number 219 references the object  218
row number 220 references the object  3
row number 221 references the object  221
row number 222 references the object  221
row number 223 references the object  221
row number 224 references the object  221
row number 225 references the object  221
row number 226 references the object  221
row number 227 references the object  221
row number 228 references the object  221
row number 229 references the object  221
row number 230 references the object  3
row number 231 references the object  231
row number 232 references the object  231
row number 233 references the object  231
row number 234 references the object  231
row number 235 references the object  3
row number 236 references the object  236
row number 237 references the object  236
row number 238 references the object  236
row number 239 references the object  236
row number 240 references the object  236
row number 241 references the object  236
row number 242 references the object  236
row number 243 references the object  236
row number 244 references the object  236
row number 245 references the object  3
row number 246 references the object  246
row number 247 references the object  246
row number 248 references the object  246
row number 249 references the object  246
row number 250 references the object  3
row number 251 references the object  251
row number 252 references the object  251
row number 253 references the object  251
row number 254 references the object  251
row number 255 references the object  251
row number 256 references the object  3
row number 257 references the object  257
row number 258 references the object  257
row number 259 references the object  257
row number 260 references the object  3
row number 261 references the object  261
row number 262 references the object  261
row number 263 references the object  261
row number 264 references the object  261
row number 265 references the object  3
row number 266 references the object  266
row number 267 references the object  266
row number 268 references the object  3
row number 269 references the object  269
row number 270 references the object  269
row number 271 references the object  269
row number 272 references the object  269
row number 273 references the object  269
row number 274 references the object  269
row number 275 references the object  3
row number 276 references the object  276
row number 277 references the object  276
row number 278 references the object  276
row number 279 references the object  276
row number 280 references the object  276
row number 281 references the object  3
row number 282 references the object  282
row number 283 references the object  282
row number 284 references the object  282
row number 285 references the object  3
row number 286 references the object  286
row number 287 references the object  286
row number 288 references the object  286
row number 289 references the object  286
row number 290 references the object  286
row number 291 references the object  286
row number 292 references the object  286
row number 293 references the object  3
row number 294 references the object  294
row number 295 references the object  294
row number 296 references the object  294
row number 297 references the object  3
row number 298 references the object  298
row number 299 references the object  298
row number 300 references the object  298
row number 301 references the object  298
row number 302 references the object  298
row number 303 references the object  3
row number 304 references the object  304
row number 305 references the object  304
row number 306 references the object  304
row number 307 references the object  304
row number 308 references the object  304
row number 309 references the object  304
row number 310 references the object  304
row number 311 references the object  3
row number 312 references the object  312
row number 313 references the object  312
row number 314 references the object  312
row number 315 references the object  3
row number 316 references the object  316
row number 317 references the object  316
row number 318 references the object  316
row number 319 references the object  316
row number 320 references the object  316
row number 321 references the object  316
row number 322 references the object  316
row number 323 references the object  316
row number 324 references the object  316
row number 325 references the object  3
row number 326 references the object  326
row number 327 references the object  326
row number 328 references the object  326
row number 329 references the object  3
row number 330 references the object  330
row number 331 references the object  330
row number 332 references the object  330
row number 333 references the object  330
row number 334 references the object  3
row number 335 references the object  335
row number 336 references the object  335
row number 337 references the object  335
row number 338 references the object  335
row number 339 references the object  335
row number 340 references the object  3
row number 341 references the object  341
row number 342 references the object  3
row number 343 references the object  343
row number 344 references the object  343
row number 345 references the object  343
row number 346 references the object  343
row number 347 references the object  3
row number 348 references the object  348
row number 349 references the object  348
row number 350 references the object  348
row number 351 references the object  348
row number 352 references the object  348
row number 353 references the object  348
row number 354 references the object  348
row number 355 references the object  348
row number 356 references the object  348
row number 357 references the object  348
row number 358 references the object  348
row number 359 references the object  348
row number 360 references the object  348
row number 361 references the object  348
row number 362 references the object  348
row number 363 references the object  3
row number 364 references the object  364
row number 365 references the object  364
row number 366 references the object  3
row number 367 references the object  367
row number 368 references the object  367
row number 369 references the object  367
row number 370 references the object  3
row number 371 references the object  371
row number 372 references the object  371
row number 373 references the object  3
row number 374 references the object  374
row number 375 references the object  374
row number 376 references the object  374
row number 377 references the object  374
row number 378 references the object  374
row number 379 references the object  374
row number 380 references the object  374
row number 381 references the object  3
row number 382 references the object  382
row number 383 references the object  382
row number 384 references the object  382
row number 385 references the object  382
row number 386 references the object  382
row number 387 references the object  382
row number 388 references the object  382
row number 389 references the object  382
row number 390 references the object  382
row number 391 references the object  382
row number 392 references the object  3
row number 393 references the object  393
row number 394 references the object  393
row number 395 references the object  393
row number 396 references the object  393
row number 397 references the object  393
row number 398 references the object  393
row number 399 references the object  3
row number 400 references the object  400
row number 401 references the object  400
row number 402 references the object  400
row number 403 references the object  3
row number 404 references the object  404
row number 405 references the object  404
row number 406 references the object  404
row number 407 references the object  404
row number 408 references the object  3
row number 409 references the object  409
row number 410 references the object  409
row number 411 references the object  409
row number 412 references the object  409
row number 413 references the object  409
row number 414 references the object  409
row number 415 references the object  3
row number 416 references the object  416
row number 417 references the object  416
row number 418 references the object  416
row number 419 references the object  3
row number 420 references the object  420
row number 421 references the object  420
row number 422 references the object  420
row number 423 references the object  3
row number 424 references the object  424
row number 425 references the object  424
row number 426 references the object  424
row number 427 references the object  424
row number 428 references the object  424
row number 429 references the object  3
row number 430 references the object  430
row number 431 references the object  430
row number 432 references the object  430
row number 433 references the object  430
row number 434 references the object  430
row number 435 references the object  430
row number 436 references the object  430
row number 437 references the object  430
row number 438 references the object  430
row number 439 references the object  430
row number 440 references the object  430
row number 441 references the object  430
row number 442 references the object  430
row number 443 references the object  430
row number 444 references the object  430
row number 445 references the object  3
row number 446 references the object  446
row number 447 references the object  446
row number 448 references the object  446
row number 449 references the object  446
row number 450 references the object  446
row number 451 references the object  3
row number 452 references the object  452
row number 453 references the object  3
row number 454 references the object  454
row number 455 references the object  454
row number 456 references the object  454
row number 457 references the object  3
row number 458 references the object  458
row number 459 references the object  458
row number 460 references the object  3
row number 461 references the object  461
row number 462 references the object  461
row number 463 references the object  461
row number 464 references the object  461
row number 465 references the object  3
row number 466 references the object  466
row number 467 references the object  466
row number 468 references the object  466
row number 469 references the object  3
row number 470 references the object  470
row number 471 references the object  470
row number 472 references the object  470
row number 473 references the object  470
row number 474 references the object  470
row number 475 references the object  470
row number 476 references the object  470
row number 477 references the object  470
row number 478 references the object  3
row number 479 references the object  479
row number 480 references the object  479
row number 481 references the object  479
row number 482 references the object  479
row number 483 references the object  479
row number 484 references the object  3
row number 485 references the object  485
row number 486 references the object  485
row number 487 references the object  3
row number 488 references the object  488
row number 489 references the object  488
row number 490 references the object  488
row number 491 references the object  3
row number 492 references the object  492
row number 493 references the object  492
row number 494 references the object  492
row number 495 references the object  492
row number 496 references the object  492
row number 497 references the object  492
row number 498 references the object  3
row number 499 references the object  499
row number 500 references the object  499
row number 501 references the object  499
row number 502 references the object  499
row number 503 references the object  499
row number 504 references the object  499
row number 505 references the object  499
row number 506 references the object  499
row number 507 references the object  499
row number 508 references the object  499
row number 509 references the object  499
row number 510 references the object  499
row number 511 references the object  3
row number 512 references the object  512
row number 513 references the object  512
row number 514 references the object  512
row number 515 references the object  512
row number 516 references the object  512
row number 517 references the object  3
row number 518 references the object  518
row number 519 references the object  518
row number 520 references the object  518
row number 521 references the object  518
row number 522 references the object  518
row number 523 references the object  518
row number 524 references the object  518
row number 525 references the object  518
row number 526 references the object  518
row number 527 references the object  518
row number 528 references the object  518
row number 529 references the object  518
row number 530 references the object  518
row number 531 references the object  518
row number 532 references the object  518
row number 533 references the object  518
row number 534 references the object  518
row number 535 references the object  518
row number 536 references the object  3
row number 537 references the object  537
row number 538 references the object  537
row number 539 references the object  3
row number 540 references the object  540
row number 541 references the object  540
row number 542 references the object  540
row number 543 references the object  540
row number 544 references the object  540
row number 545 references the object  540
row number 546 references the object  540
row number 547 references the object  540
row number 548 references the object  540
row number 549 references the object  3
row number 550 references the object  550
row number 551 references the object  550
row number 552 references the object  550
row number 553 references the object  550
row number 554 references the object  550
row number 555 references the object  550
row number 556 references the object  3
row number 557 references the object  557
row number 558 references the object  557
row number 559 references the object  557
row number 560 references the object  557
row number 561 references the object  3
row number 562 references the object  562
row number 563 references the object  562
row number 564 references the object  562
row number 565 references the object  3
row number 566 references the object  566
row number 567 references the object  566
row number 568 references the object  566
row number 569 references the object  566
row number 570 references the object  566
row number 571 references the object  3
row number 572 references the object  572
row number 573 references the object  572
row number 574 references the object  572
row number 575 references the object  572
row number 576 references the object  3
row number 577 references the object  577
row number 578 references the object  577
row number 579 references the object  577
row number 580 references the object  577
row number 581 references the object  3
row number 582 references the object  582
row number 583 references the object  582
row number 584 references the object  582
row number 585 references the object  582
row number 586 references the object  582
row number 587 references the object  582
row number 588 references the object  582
row number 589 references the object  582
row number 590 references the object  3
row number 591 references the object  591
row number 592 references the object  591
row number 593 references the object  591
row number 594 references the object  3
row number 595 references the object  595
row number 596 references the object  595
row number 597 references the object  595
row number 598 references the object  595
row number 599 references the object  595
row number 600 references the object  595
row number 601 references the object  595
row number 602 references the object  595
row number 603 references the object  595
row number 604 references the object  3
row number 605 references the object  605
row number 606 references the object  605
row number 607 references the object  605
row number 608 references the object  605
row number 609 references the object  605
row number 610 references the object  605
row number 611 references the object  3
row number 612 references the object  612
row number 613 references the object  612
row number 614 references the object  612
row number 615 references the object  612
row number 616 references the object  612
row number 617 references the object  3
row number 618 references the object  618
row number 619 references the object  618
row number 620 references the object  618
row number 621 references the object  618
row number 622 references the object  3
row number 623 references the object  623
row number 624 references the object  623
row number 625 references the object  623
row number 626 references the object  623
row number 627 references the object  623
row number 628 references the object  623
row number 629 references the object  623
row number 630 references the object  3
row number 631 references the object  631
row number 632 references the object  631
row number 633 references the object  631
row number 634 references the object  3
row number 635 references the object  635
row number 636 references the object  635
row number 637 references the object  635
row number 638 references the object  635
row number 639 references the object  3
row number 640 references the object  640
row number 641 references the object  640
row number 642 references the object  640
row number 643 references the object  640
row number 644 references the object  640
row number 645 references the object  640
row number 646 references the object  640
row number 647 references the object  3
row number 648 references the object  648
row number 649 references the object  648
row number 650 references the object  648
row number 651 references the object  3
row number 652 references the object  651
row number 653 references the object  652
row number 654 references the object  3
row number 655 references the object  655
row number 656 references the object  655
row number 657 references the object  655
row number 658 references the object  3
row number 659 references the object  659
row number 660 references the object  659
row number 661 references the object  659
row number 662 references the object  3
row number 663 references the object  663
row number 664 references the object  663
row number 665 references the object  663
row number 666 references the object  663
row number 667 references the object  663
row number 668 references the object  663
row number 669 references the object  663
row number 670 references the object  663
row number 671 references the object  663
row number 672 references the object  663
row number 673 references the object  3
row number 674 references the object  674
row number 675 references the object  674
row number 676 references the object  674
row number 677 references the object  674
row number 678 references the object  674
row number 679 references the object  3
row number 680 references the object  680
row number 681 references the object  680
row number 682 references the object  680
row number 683 references the object  680
row number 684 references the object  3
row number 685 references the object  685
row number 686 references the object  685
row number 687 references the object  685
row number 688 references the object  685
row number 689 references the object  3
row number 690 references the object  690
row number 691 references the object  690
row number 692 references the object  690
row number 693 references the object  690
row number 694 references the object  690
row number 695 references the object  690
row number 696 references the object  3
row number 697 references the object  697
row number 698 references the object  3
row number 699 references the object  699
row number 700 references the object  3
row number 701 references the object  701
row number 702 references the object  701
row number 703 references the object  701
row number 704 references the object  701
row number 705 references the object  3
row number 706 references the object  406
row number 707 references the object  3
row number 708 references the object  708
row number 709 references the object  3
row number 710 references the object  710
row number 711 references the object  710
row number 712 references the object  710
row number 713 references the object  3
row number 714 references the object  714
row number 715 references the object  714
row number 716 references the object  714
row number 717 references the object  714
row number 718 references the object  714
row number 719 references the object  714
row number 720 references the object  3
row number 721 references the object  721
row number 722 references the object  721
row number 723 references the object  721
row number 724 references the object  3
row number 725 references the object  725
row number 726 references the object  725
row number 727 references the object  725
row number 728 references the object  725
row number 729 references the object  3
row number 730 references the object  730
row number 731 references the object  730
row number 732 references the object  730
row number 733 references the object  3
row number 734 references the object  734
row number 735 references the object  734
row number 736 references the object  734
row number 737 references the object  734
row number 738 references the object  3
row number 739 references the object  739
row number 740 references the object  739
row number 741 references the object  739
row number 742 references the object  739
row number 743 references the object  739
row number 744 references the object  3
row number 745 references the object  745
row number 746 references the object  745
row number 747 references the object  745
row number 748 references the object  3
row number 749 references the object  749
row number 750 references the object  749
row number 751 references the object  749
row number 752 references the object  3
row number 753 references the object  753
row number 754 references the object  753
row number 755 references the object  753
row number 756 references the object  753
row number 757 references the object  753
row number 758 references the object  753
row number 759 references the object  753
row number 760 references the object  3
row number 761 references the object  761
row number 762 references the object  761
row number 763 references the object  761
row number 764 references the object  761
row number 765 references the object  761
row number 766 references the object  3
row number 767 references the object  767
row number 768 references the object  767
row number 769 references the object  767
row number 770 references the object  767
row number 771 references the object  767
row number 772 references the object  767
row number 773 references the object  3
row number 774 references the object  774
row number 775 references the object  774
row number 776 references the object  774
row number 777 references the object  774
row number 778 references the object  3
row number 779 references the object  779
row number 780 references the object  779
row number 781 references the object  779
row number 782 references the object  779
row number 783 references the object  779
row number 784 references the object  779
row number 785 references the object  779
row number 786 references the object  779
row number 787 references the object  3
row number 788 references the object  788
row number 789 references the object  788
row number 790 references the object  788
row number 791 references the object  788
row number 792 references the object  3
row number 793 references the object  793
row number 794 references the object  3
row number 795 references the object  795
row number 796 references the object  795
row number 797 references the object  795
row number 798 references the object  795
row number 799 references the object  795
row number 800 references the object  3
row number 801 references the object  801
row number 802 references the object  3
row number 803 references the object  803
row number 804 references the object  803
row number 805 references the object  803
row number 806 references the object  3
row number 807 references the object  807
row number 808 references the object  807
row number 809 references the object  807
row number 810 references the object  807
row number 811 references the object  807
row number 812 references the object  807
row number 813 references the object  807
row number 814 references the object  807
row number 815 references the object  807
row number 816 references the object  807
row number 817 references the object  3
row number 818 references the object  818
row number 819 references the object  818
row number 820 references the object  818
row number 821 references the object  818
row number 822 references the object  818
row number 823 references the object  818
row number 824 references the object  3
row number 825 references the object  825
row number 826 references the object  825
row number 827 references the object  825
row number 828 references the object  3
row number 829 references the object  829
row number 830 references the object  829
row number 831 references the object  829
row number 832 references the object  829
row number 833 references the object  829
row number 834 references the object  829
row number 835 references the object  829
row number 836 references the object  829
row number 837 references the object  3
row number 838 references the object  838
row number 839 references the object  838
row number 840 references the object  838
row number 841 references the object  3
row number 842 references the object  842
row number 843 references the object  842
row number 844 references the object  842
row number 845 references the object  3
row number 846 references the object  846
row number 847 references the object  846
row number 848 references the object  846
row number 849 references the object  3
row number 850 references the object  850
row number 851 references the object  850
row number 852 references the object  850
row number 853 references the object  3
row number 854 references the object  854
row number 855 references the object  854
row number 856 references the object  854
row number 857 references the object  3
row number 858 references the object  858
row number 859 references the object  858
row number 860 references the object  858
row number 861 references the object  858
row number 862 references the object  3
row number 863 references the object  863
row number 864 references the object  863
row number 865 references the object  863
row number 866 references the object  863
row number 867 references the object  863
row number 868 references the object  3
row number 869 references the object  869
row number 870 references the object  869
row number 871 references the object  869
row number 872 references the object  869
row number 873 references the object  869
row number 874 references the object  869
row number 875 references the object  3
row number 876 references the object  876
row number 877 references the object  3
row number 878 references the object  878
row number 879 references the object  878
row number 880 references the object  878
row number 881 references the object  878
row number 882 references the object  878
row number 883 references the object  878
row number 884 references the object  878
row number 885 references the object  878
row number 886 references the object  3
row number 887 references the object  887
row number 888 references the object  887
row number 889 references the object  887
row number 890 references the object  3
row number 891 references the object  891
row number 892 references the object  891
row number 893 references the object  891
row number 894 references the object  3
row number 895 references the object  895
row number 896 references the object  3
row number 897 references the object  897
row number 898 references the object  897
row number 899 references the object  897
row number 900 references the object  897
row number 901 references the object  3
row number 902 references the object  902
row number 903 references the object  902
row number 904 references the object  3
row number 905 references the object  905
row number 906 references the object  905
row number 907 references the object  905
row number 908 references the object  3
row number 909 references the object  909
row number 910 references the object  909
row number 911 references the object  909
row number 912 references the object  909
row number 913 references the object  909
row number 914 references the object  3
row number 915 references the object  915
row number 916 references the object  3
row number 917 references the object  917
row number 918 references the object  917
row number 919 references the object  917
row number 920 references the object  917
row number 921 references the object  917
row number 922 references the object  917
row number 923 references the object  3
row number 924 references the object  924
row number 925 references the object  924
row number 926 references the object  924
row number 927 references the object  3
row number 928 references the object  928
row number 929 references the object  928
row number 930 references the object  928
row number 931 references the object  3
row number 932 references the object  932
row number 933 references the object  932
row number 934 references the object  932
row number 935 references the object  932
row number 936 references the object  3
row number 937 references the object  937
row number 938 references the object  937
row number 939 references the object  3
row number 940 references the object  940
row number 941 references the object  940
row number 942 references the object  940
row number 943 references the object  940
row number 944 references the object  940
row number 945 references the object  3
row number 946 references the object  946
row number 947 references the object  946
row number 948 references the object  946
row number 949 references the object  3
row number 950 references the object  950
row number 951 references the object  950
row number 952 references the object  950
row number 953 references the object  950
row number 954 references the object  3
row number 955 references the object  955
row number 956 references the object  955
row number 957 references the object  955
row number 958 references the object  3
row number 959 references the object  959
row number 960 references the object  959
row number 961 references the object  959
row number 962 references the object  959
row number 963 references the object  959
row number 964 references the object  3
row number 965 references the object  965
row number 966 references the object  965
row number 967 references the object  965
row number 968 references the object  965
row number 969 references the object  965
row number 970 references the object  965
row number 971 references the object  965
row number 972 references the object  965
row number 973 references the object  3
row number 974 references the object  974
row number 975 references the object  974
row number 976 references the object  974
row number 977 references the object  974
row number 978 references the object  3
row number 979 references the object  979
row number 980 references the object  979
row number 981 references the object  979
row number 982 references the object  979
row number 983 references the object  3
row number 984 references the object  984
row number 985 references the object  984
row number 986 references the object  984
row number 987 references the object  984
row number 988 references the object  984
row number 989 references the object  3
row number 990 references the object  990
row number 991 references the object  3
row number 992 references the object  992
row number 993 references the object  992
row number 994 references the object  992
row number 995 references the object  992
row number 996 references the object  3
row number 997 references the object  997
row number 998 references the object  997
row number 999 references the object  997
row number 1000 references the object  997
row number 1001 references the object  3
row number 1002 references the object  1002
row number 1003 references the object  1002
row number 1004 references the object  1002
row number 1005 references the object  1002
row number 1006 references the object  1002
row number 1007 references the object  3
row number 1008 references the object  1008
row number 1009 references the object  1008
row number 1010 references the object  1008
row number 1011 references the object  3
row number 1012 references the object  1012
row number 1013 references the object  1012
row number 1014 references the object  1012
row number 1015 references the object  3
row number 1016 references the object  1016
row number 1017 references the object  1016
row number 1018 references the object  1016
row number 1019 references the object  3
row number 1020 references the object  1020
row number 1021 references the object  3
row number 1022 references the object  1022
row number 1023 references the object  1022
row number 1024 references the object  3
row number 1025 references the object  1025
row number 1026 references the object  1025
row number 1027 references the object  1025
row number 1028 references the object  3
row number 1029 references the object  1029
row number 1030 references the object  1029
row number 1031 references the object  1029
row number 1032 references the object  1029
row number 1033 references the object  1029
row number 1034 references the object  1029
row number 1035 references the object  3
row number 1036 references the object  1036
row number 1037 references the object  1036
row number 1038 references the object  1036
row number 1039 references the object  3
row number 1040 references the object  1040
row number 1041 references the object  1040
row number 1042 references the object  1040
row number 1043 references the object  1040
row number 1044 references the object  3
row number 1045 references the object  1045
row number 1046 references the object  1045
row number 1047 references the object  1045
row number 1048 references the object  3
row number 1049 references the object  1049
row number 1050 references the object  1049
row number 1051 references the object  1049
row number 1052 references the object  1049
row number 1053 references the object  1049
row number 1054 references the object  1049
row number 1055 references the object  1049
row number 1056 references the object  3
row number 1057 references the object  1057
row number 1058 references the object  1057
row number 1059 references the object  1057
row number 1060 references the object  1057
row number 1061 references the object  3
row number 1062 references the object  1062
row number 1063 references the object  1062
row number 1064 references the object  1062
row number 1065 references the object  1062
row number 1066 references the object  1062
row number 1067 references the object  1062
row number 1068 references the object  3
row number 1069 references the object  1069
row number 1070 references the object  1069
row number 1071 references the object  1069
row number 1072 references the object  3
row number 1073 references the object  1073
row number 1074 references the object  1073
row number 1075 references the object  1073
row number 1076 references the object  1073
row number 1077 references the object  3
row number 1078 references the object  1078
row number 1079 references the object  1078
row number 1080 references the object  1078
row number 1081 references the object  3
row number 1082 references the object  1082
row number 1083 references the object  1082
row number 1084 references the object  1082
row number 1085 references the object  1082
row number 1086 references the object  3
row number 1087 references the object  1087
row number 1088 references the object  1087
row number 1089 references the object  1087
row number 1090 references the object  1087
row number 1091 references the object  3
row number 1092 references the object  1092
row number 1093 references the object  3
row number 1094 references the object  1094
row number 1095 references the object  1094
row number 1096 references the object  1094
row number 1097 references the object  1094
row number 1098 references the object  3
row number 1099 references the object  1099
row number 1100 references the object  1099
row number 1101 references the object  1099
row number 1102 references the object  1099
row number 1103 references the object  1099
row number 1104 references the object  3
row number 1105 references the object  1105
row number 1106 references the object  1105
row number 1107 references the object  1105
row number 1108 references the object  1105
row number 1109 references the object  3
row number 1110 references the object  1110
row number 1111 references the object  1110
row number 1112 references the object  1110
row number 1113 references the object  1110
row number 1114 references the object  1110
row number 1115 references the object  3
row number 1116 references the object  1116
row number 1117 references the object  1116
row number 1118 references the object  1116
row number 1119 references the object  3
row number 1120 references the object  1120
row number 1121 references the object  1120
row number 1122 references the object  1120
row number 1123 references the object  1120
row number 1124 references the object  1120
row number 1125 references the object  3
row number 1126 references the object  1126
row number 1127 references the object  1126
row number 1128 references the object  1126
row number 1129 references the object  3
row number 1130 references the object  1130
row number 1131 references the object  1130
row number 1132 references the object  1130
row number 1133 references the object  1130
row number 1134 references the object  1130
row number 1135 references the object  1130
row number 1136 references the object  1130
row number 1137 references the object  3
row number 1138 references the object  1138
row number 1139 references the object  1138
row number 1140 references the object  1138
row number 1141 references the object  1138
row number 1142 references the object  3
row number 1143 references the object  1143
row number 1144 references the object  1143
row number 1145 references the object  1143
row number 1146 references the object  1143
row number 1147 references the object  3
row number 1148 references the object  1148
row number 1149 references the object  1148
row number 1150 references the object  1148
row number 1151 references the object  3
row number 1152 references the object  1152
row number 1153 references the object  1152
row number 1154 references the object  1152
row number 1155 references the object  1152