
-- Missing File Errors --
 We couldn't find the files listed on 98 rows.
Missing filenames:
/dams_ingest/ms0427/ms0427_pho_01225c.1.tif
/dams_ingest/ms0427/ms0427_pho_01225c.2.tif
/dams_ingest/ms0427/ms0427_pho_01003.tif
/dams_ingest/ms0427/ms0427_pho_01142.tif
/dams_ingest/ms0427/ms0427_pho_01326.tif
/dams_ingest/ms0427/ms0427_pho_01543
ms0427_pho_01543
ms0427_pho_01543
ms0427_pho_01543
ms0427_pho_01543
ms0427_pho_01543
ms0427_pho_01543
ms0427_pho_01543
ms0427_pho_01543
ms0427_pho_01543
ms0427_pho_01543
ms0427_pho_01543
ms0427_pho_01543
ms0427_pho_01543
ms0427_pho_01543
ms0427_pho_01543
ms0427_pho_01543
ms0427_pho_01543
ms0427_pho_01543
ms0427_pho_01543
ms0427_pho_01543
ms0427_pho_01543
ms0427_pho_01543
ms0427_pho_01543
ms0427_pho_01543
ms0427_pho_01543
ms0427_pho_01543
ms0427_pho_01543
ms0427_pho_01543
ms0427_pho_01543
ms0427_pho_01543
ms0427_pho_01543
ms0427_pho_01543
ms0427_pho_01543
ms0427_pho_01543
ms0427_pho_01543
ms0427_pho_01543
ms0427_pho_01543
ms0427_pho_01543
ms0427_pho_01543
ms0427_pho_01543
ms0427_pho_01543
ms0427_pho_01543
ms0427_pho_01543
ms0427_pho_01543
ms0427_pho_01543
ms0427_pho_01543
ms0427_pho_01543
ms0427_pho_01543
ms0427_pho_01543
ms0427_pho_01543
ms0427_pho_01543
ms0427_pho_01543
ms0427_pho_01543
ms0427_pho_01543
ms0427_pho_01543
ms0427_pho_01543
ms0427_pho_01543
ms0427_pho_01543
ms0427_pho_01543
ms0427_pho_01543
ms0427_pho_01543
ms0427_pho_01543
ms0427_pho_01543
ms0427_pho_01543
ms0427_pho_01543
ms0427_pho_01543
ms0427_pho_01543
ms0427_pho_01543
ms0427_pho_01543
ms0427_pho_01543
ms0427_pho_01543
ms0427_pho_01543
ms0427_pho_01543
ms0427_pho_01543
ms0427_pho_01543
ms0427_pho_01543
ms0427_pho_01543
ms0427_pho_01543
ms0427_pho_01543
ms0427_pho_01543
ms0427_pho_01543
ms0427_pho_01543
ms0427_pho_01543
ms0427_pho_01543
ms0427_pho_01543
ms0427_pho_01543
ms0427_pho_01543
ms0427_pho_01543
.tif
/dams_ingest/ms0427/ms0427_pho_01544
ms0427_pho_01544
ms0427_pho_01544
ms0427_pho_01544
ms0427_pho_01544
ms0427_pho_01544
ms0427_pho_01544
ms0427_pho_01544
ms0427_pho_01544
ms0427_pho_01544
ms0427_pho_01544
ms0427_pho_01544
ms0427_pho_01544
ms0427_pho_01544
ms0427_pho_01544
ms0427_pho_01544
ms0427_pho_01544
ms0427_pho_01544
ms0427_pho_01544
ms0427_pho_01544
ms0427_pho_01544
ms0427_pho_01544
ms0427_pho_01544
ms0427_pho_01544
ms0427_pho_01544
ms0427_pho_01544
ms0427_pho_01544
ms0427_pho_01544
ms0427_pho_01544
ms0427_pho_01544
ms0427_pho_01544
ms0427_pho_01544
ms0427_pho_01544
ms0427_pho_01544
ms0427_pho_01544
ms0427_pho_01544
ms0427_pho_01544
ms0427_pho_01544
ms0427_pho_01544
ms0427_pho_01544
ms0427_pho_01544
ms0427_pho_01544
ms0427_pho_01544
ms0427_pho_01544
ms0427_pho_01544
ms0427_pho_01544
ms0427_pho_01544
ms0427_pho_01544
ms0427_pho_01544
ms0427_pho_01544
ms0427_pho_01544
ms0427_pho_01544
ms0427_pho_01544
ms0427_pho_01544
ms0427_pho_01544
ms0427_pho_01544
ms0427_pho_01544
ms0427_pho_01544
ms0427_pho_01544
ms0427_pho_01544
ms0427_pho_01544
ms0427_pho_01544
ms0427_pho_01544
ms0427_pho_01544
ms0427_pho_01544
ms0427_pho_01544
ms0427_pho_01544
ms0427_pho_01544
ms0427_pho_01544
ms0427_pho_01544
ms0427_pho_01544
ms0427_pho_01544
ms0427_pho_01544
ms0427_pho_01544
ms0427_pho_01544
ms0427_pho_01544
ms0427_pho_01544
ms0427_pho_01544
ms0427_pho_01544
ms0427_pho_01544
ms0427_pho_01544
ms0427_pho_01544
ms0427_pho_01544
ms0427_pho_01544
ms0427_pho_01544
ms0427_pho_01544
ms0427_pho_01544
ms0427_pho_01544
ms0427_pho_01544
.tif
/dams_ingest/ms0427/ms0427_pho_01545
ms0427_pho_01545
ms0427_pho_01545
ms0427_pho_01545
ms0427_pho_01545
ms0427_pho_01545
ms0427_pho_01545
ms0427_pho_01545
ms0427_pho_01545
ms0427_pho_01545
ms0427_pho_01545
ms0427_pho_01545
ms0427_pho_01545
ms0427_pho_01545
ms0427_pho_01545
ms0427_pho_01545
ms0427_pho_01545
ms0427_pho_01545
ms0427_pho_01545
ms0427_pho_01545
ms0427_pho_01545
ms0427_pho_01545
ms0427_pho_01545
ms0427_pho_01545
ms0427_pho_01545
ms0427_pho_01545
ms0427_pho_01545
ms0427_pho_01545
ms0427_pho_01545
ms0427_pho_01545
ms0427_pho_01545
ms0427_pho_01545
ms0427_pho_01545
ms0427_pho_01545
ms0427_pho_01545
ms0427_pho_01545
ms0427_pho_01545
ms0427_pho_01545
ms0427_pho_01545
ms0427_pho_01545
ms0427_pho_01545
ms0427_pho_01545
ms0427_pho_01545
ms0427_pho_01545
ms0427_pho_01545
ms0427_pho_01545
ms0427_pho_01545
ms0427_pho_01545
ms0427_pho_01545
ms0427_pho_01545
ms0427_pho_01545
ms0427_pho_01545
ms0427_pho_01545
ms0427_pho_01545
ms0427_pho_01545
ms0427_pho_01545
ms0427_pho_01545
ms0427_pho_01545
ms0427_pho_01545
ms0427_pho_01545
ms0427_pho_01545
ms0427_pho_01545
ms0427_pho_01545
ms0427_pho_01545
ms0427_pho_01545
ms0427_pho_01545
ms0427_pho_01545
ms0427_pho_01545
ms0427_pho_01545
ms0427_pho_01545
ms0427_pho_01545
ms0427_pho_01545
ms0427_pho_01545
ms0427_pho_01545
ms0427_pho_01545
ms0427_pho_01545
ms0427_pho_01545
ms0427_pho_01545
ms0427_pho_01545
ms0427_pho_01545
ms0427_pho_01545
ms0427_pho_01545
ms0427_pho_01545
ms0427_pho_01545
ms0427_pho_01545
ms0427_pho_01545
ms0427_pho_01545
ms0427_pho_01545
ms0427_pho_01545
.tif
/dams_ingest/ms0427/ms0427_pho_01546
ms0427_pho_01546
ms0427_pho_01546
ms0427_pho_01546
ms0427_pho_01546
ms0427_pho_01546
ms0427_pho_01546
ms0427_pho_01546
ms0427_pho_01546
ms0427_pho_01546
ms0427_pho_01546
ms0427_pho_01546
ms0427_pho_01546
ms0427_pho_01546
ms0427_pho_01546
ms0427_pho_01546
ms0427_pho_01546
ms0427_pho_01546
ms0427_pho_01546
ms0427_pho_01546
ms0427_pho_01546
ms0427_pho_01546
ms0427_pho_01546
ms0427_pho_01546
ms0427_pho_01546
ms0427_pho_01546
ms0427_pho_01546
ms0427_pho_01546
ms0427_pho_01546
ms0427_pho_01546
ms0427_pho_01546
ms0427_pho_01546
ms0427_pho_01546
ms0427_pho_01546
ms0427_pho_01546
ms0427_pho_01546
ms0427_pho_01546
ms0427_pho_01546
ms0427_pho_01546
ms0427_pho_01546
ms0427_pho_01546
ms0427_pho_01546
ms0427_pho_01546
ms0427_pho_01546
ms0427_pho_01546
ms0427_pho_01546
ms0427_pho_01546
ms0427_pho_01546
ms0427_pho_01546
ms0427_pho_01546
ms0427_pho_01546
ms0427_pho_01546
ms0427_pho_01546
ms0427_pho_01546
ms0427_pho_01546
ms0427_pho_01546
ms0427_pho_01546
ms0427_pho_01546
ms0427_pho_01546
ms0427_pho_01546
ms0427_pho_01546
ms0427_pho_01546
ms0427_pho_01546
ms0427_pho_01546
ms0427_pho_01546
ms0427_pho_01546
ms0427_pho_01546
ms0427_pho_01546
ms0427_pho_01546
ms0427_pho_01546
ms0427_pho_01546
ms0427_pho_01546
ms0427_pho_01546
ms0427_pho_01546
ms0427_pho_01546
ms0427_pho_01546
ms0427_pho_01546
ms0427_pho_01546
ms0427_pho_01546
ms0427_pho_01546
ms0427_pho_01546
ms0427_pho_01546
ms0427_pho_01546
ms0427_pho_01546
ms0427_pho_01546
ms0427_pho_01546
ms0427_pho_01546
ms0427_pho_01546
ms0427_pho_01546
.tif
/dams_ingest/ms0427/ms0427_pho_01547
ms0427_pho_01547
ms0427_pho_01547
ms0427_pho_01547
ms0427_pho_01547
ms0427_pho_01547
ms0427_pho_01547
ms0427_pho_01547
ms0427_pho_01547
ms0427_pho_01547
ms0427_pho_01547
ms0427_pho_01547
ms0427_pho_01547
ms0427_pho_01547
ms0427_pho_01547
ms0427_pho_01547
ms0427_pho_01547
ms0427_pho_01547
ms0427_pho_01547
ms0427_pho_01547
ms0427_pho_01547
ms0427_pho_01547
ms0427_pho_01547
ms0427_pho_01547
ms0427_pho_01547
ms0427_pho_01547
ms0427_pho_01547
ms0427_pho_01547
ms0427_pho_01547
ms0427_pho_01547
ms0427_pho_01547
ms0427_pho_01547
ms0427_pho_01547
ms0427_pho_01547
ms0427_pho_01547
ms0427_pho_01547
ms0427_pho_01547
ms0427_pho_01547
ms0427_pho_01547
ms0427_pho_01547
ms0427_pho_01547
ms0427_pho_01547
ms0427_pho_01547
ms0427_pho_01547
ms0427_pho_01547
ms0427_pho_01547
ms0427_pho_01547
ms0427_pho_01547
ms0427_pho_01547
ms0427_pho_01547
ms0427_pho_01547
ms0427_pho_01547
ms0427_pho_01547
ms0427_pho_01547
ms0427_pho_01547
ms0427_pho_01547
ms0427_pho_01547
ms0427_pho_01547
ms0427_pho_01547
ms0427_pho_01547
ms0427_pho_01547
ms0427_pho_01547
ms0427_pho_01547
ms0427_pho_01547
ms0427_pho_01547
ms0427_pho_01547
ms0427_pho_01547
ms0427_pho_01547
ms0427_pho_01547
ms0427_pho_01547
ms0427_pho_01547
ms0427_pho_01547
ms0427_pho_01547
ms0427_pho_01547
ms0427_pho_01547
ms0427_pho_01547
ms0427_pho_01547
ms0427_pho_01547
ms0427_pho_01547
ms0427_pho_01547
ms0427_pho_01547
ms0427_pho_01547
ms0427_pho_01547
ms0427_pho_01547
ms0427_pho_01547
ms0427_pho_01547
ms0427_pho_01547
ms0427_pho_01547
ms0427_pho_01547
.tif
/dams_ingest/ms0427/ms0427_pho_01548
ms0427_pho_01548
ms0427_pho_01548
ms0427_pho_01548
ms0427_pho_01548
ms0427_pho_01548
ms0427_pho_01548
ms0427_pho_01548
ms0427_pho_01548
ms0427_pho_01548
ms0427_pho_01548
ms0427_pho_01548
ms0427_pho_01548
ms0427_pho_01548
ms0427_pho_01548
ms0427_pho_01548
ms0427_pho_01548
ms0427_pho_01548
ms0427_pho_01548
ms0427_pho_01548
ms0427_pho_01548
ms0427_pho_01548
ms0427_pho_01548
ms0427_pho_01548
ms0427_pho_01548
ms0427_pho_01548
ms0427_pho_01548
ms0427_pho_01548
ms0427_pho_01548
ms0427_pho_01548
ms0427_pho_01548
ms0427_pho_01548
ms0427_pho_01548
ms0427_pho_01548
ms0427_pho_01548
ms0427_pho_01548
ms0427_pho_01548
ms0427_pho_01548
ms0427_pho_01548
ms0427_pho_01548
ms0427_pho_01548
ms0427_pho_01548
ms0427_pho_01548
ms0427_pho_01548
ms0427_pho_01548
ms0427_pho_01548
ms0427_pho_01548
ms0427_pho_01548
ms0427_pho_01548
ms0427_pho_01548
ms0427_pho_01548
ms0427_pho_01548
ms0427_pho_01548
ms0427_pho_01548
ms0427_pho_01548
ms0427_pho_01548
ms0427_pho_01548
ms0427_pho_01548
ms0427_pho_01548
ms0427_pho_01548
ms0427_pho_01548
ms0427_pho_01548
ms0427_pho_01548
ms0427_pho_01548
ms0427_pho_01548
ms0427_pho_01548
ms0427_pho_01548
ms0427_pho_01548
ms0427_pho_01548
ms0427_pho_01548
ms0427_pho_01548
ms0427_pho_01548
ms0427_pho_01548
ms0427_pho_01548
ms0427_pho_01548
ms0427_pho_01548
ms0427_pho_01548
ms0427_pho_01548
ms0427_pho_01548
ms0427_pho_01548
ms0427_pho_01548
ms0427_pho_01548
ms0427_pho_01548
ms0427_pho_01548
ms0427_pho_01548
ms0427_pho_01548
ms0427_pho_01548
ms0427_pho_01548
ms0427_pho_01548
.tif
/dams_ingest/ms0427/ms0427_pho_01549
ms0427_pho_01549
ms0427_pho_01549
ms0427_pho_01549
ms0427_pho_01549
ms0427_pho_01549
ms0427_pho_01549
ms0427_pho_01549
ms0427_pho_01549
ms0427_pho_01549
ms0427_pho_01549
ms0427_pho_01549
ms0427_pho_01549
ms0427_pho_01549
ms0427_pho_01549
ms0427_pho_01549
ms0427_pho_01549
ms0427_pho_01549
ms0427_pho_01549
ms0427_pho_01549
ms0427_pho_01549
ms0427_pho_01549
ms0427_pho_01549
ms0427_pho_01549
ms0427_pho_01549
ms0427_pho_01549
ms0427_pho_01549
ms0427_pho_01549
ms0427_pho_01549
ms0427_pho_01549
ms0427_pho_01549
ms0427_pho_01549
ms0427_pho_01549
ms0427_pho_01549
ms0427_pho_01549
ms0427_pho_01549
ms0427_pho_01549
ms0427_pho_01549
ms0427_pho_01549
ms0427_pho_01549
ms0427_pho_01549
ms0427_pho_01549
ms0427_pho_01549
ms0427_pho_01549
ms0427_pho_01549
ms0427_pho_01549
ms0427_pho_01549
ms0427_pho_01549
ms0427_pho_01549
ms0427_pho_01549
ms0427_pho_01549
ms0427_pho_01549
ms0427_pho_01549
ms0427_pho_01549
ms0427_pho_01549
ms0427_pho_01549
ms0427_pho_01549
ms0427_pho_01549
ms0427_pho_01549
ms0427_pho_01549
ms0427_pho_01549
ms0427_pho_01549
ms0427_pho_01549
ms0427_pho_01549
ms0427_pho_01549
ms0427_pho_01549
ms0427_pho_01549
ms0427_pho_01549
ms0427_pho_01549
ms0427_pho_01549
ms0427_pho_01549
ms0427_pho_01549
ms0427_pho_01549
ms0427_pho_01549
ms0427_pho_01549
ms0427_pho_01549
ms0427_pho_01549
ms0427_pho_01549
ms0427_pho_01549
ms0427_pho_01549
ms0427_pho_01549
ms0427_pho_01549
ms0427_pho_01549
ms0427_pho_01549
ms0427_pho_01549
ms0427_pho_01549
ms0427_pho_01549
ms0427_pho_01549
ms0427_pho_01549
.tif
/dams_ingest/ms0427/ms0427_pho_01550
ms0427_pho_01550
ms0427_pho_01550
ms0427_pho_01550
ms0427_pho_01550
ms0427_pho_01550
ms0427_pho_01550
ms0427_pho_01550
ms0427_pho_01550
ms0427_pho_01550
ms0427_pho_01550
ms0427_pho_01550
ms0427_pho_01550
ms0427_pho_01550
ms0427_pho_01550
ms0427_pho_01550
ms0427_pho_01550
ms0427_pho_01550
ms0427_pho_01550
ms0427_pho_01550
ms0427_pho_01550
ms0427_pho_01550
ms0427_pho_01550
ms0427_pho_01550
ms0427_pho_01550
ms0427_pho_01550
ms0427_pho_01550
ms0427_pho_01550
ms0427_pho_01550
ms0427_pho_01550
ms0427_pho_01550
ms0427_pho_01550
ms0427_pho_01550
ms0427_pho_01550
ms0427_pho_01550
ms0427_pho_01550
ms0427_pho_01550
ms0427_pho_01550
ms0427_pho_01550
ms0427_pho_01550
ms0427_pho_01550
ms0427_pho_01550
ms0427_pho_01550
ms0427_pho_01550
ms0427_pho_01550
ms0427_pho_01550
ms0427_pho_01550
ms0427_pho_01550
ms0427_pho_01550
ms0427_pho_01550
ms0427_pho_01550
ms0427_pho_01550
ms0427_pho_01550
ms0427_pho_01550
ms0427_pho_01550
ms0427_pho_01550
ms0427_pho_01550
ms0427_pho_01550
ms0427_pho_01550
ms0427_pho_01550
ms0427_pho_01550
ms0427_pho_01550
ms0427_pho_01550
ms0427_pho_01550
ms0427_pho_01550
ms0427_pho_01550
ms0427_pho_01550
ms0427_pho_01550
ms0427_pho_01550
ms0427_pho_01550
ms0427_pho_01550
ms0427_pho_01550
ms0427_pho_01550
ms0427_pho_01550
ms0427_pho_01550
ms0427_pho_01550
ms0427_pho_01550
ms0427_pho_01550
ms0427_pho_01550
ms0427_pho_01550
ms0427_pho_01550
ms0427_pho_01550
ms0427_pho_01550
ms0427_pho_01550
ms0427_pho_01550
ms0427_pho_01550
ms0427_pho_01550
ms0427_pho_01550
ms0427_pho_01550
.tif
/dams_ingest/ms0427/ms0427_pho_01551
ms0427_pho_01551
ms0427_pho_01551
ms0427_pho_01551
ms0427_pho_01551
ms0427_pho_01551
ms0427_pho_01551
ms0427_pho_01551
ms0427_pho_01551
ms0427_pho_01551
ms0427_pho_01551
ms0427_pho_01551
ms0427_pho_01551
ms0427_pho_01551
ms0427_pho_01551
ms0427_pho_01551
ms0427_pho_01551
ms0427_pho_01551
ms0427_pho_01551
ms0427_pho_01551
ms0427_pho_01551
ms0427_pho_01551
ms0427_pho_01551
ms0427_pho_01551
ms0427_pho_01551
ms0427_pho_01551
ms0427_pho_01551
ms0427_pho_01551
ms0427_pho_01551
ms0427_pho_01551
ms0427_pho_01551
ms0427_pho_01551
ms0427_pho_01551
ms0427_pho_01551
ms0427_pho_01551
ms0427_pho_01551
ms0427_pho_01551
ms0427_pho_01551
ms0427_pho_01551
ms0427_pho_01551
ms0427_pho_01551
ms0427_pho_01551
ms0427_pho_01551
ms0427_pho_01551
ms0427_pho_01551
ms0427_pho_01551
ms0427_pho_01551
ms0427_pho_01551
ms0427_pho_01551
ms0427_pho_01551
ms0427_pho_01551
ms0427_pho_01551
ms0427_pho_01551
ms0427_pho_01551
ms0427_pho_01551
ms0427_pho_01551
ms0427_pho_01551
ms0427_pho_01551
ms0427_pho_01551
ms0427_pho_01551
ms0427_pho_01551
ms0427_pho_01551
ms0427_pho_01551
ms0427_pho_01551
ms0427_pho_01551
ms0427_pho_01551
ms0427_pho_01551
ms0427_pho_01551
ms0427_pho_01551
ms0427_pho_01551
ms0427_pho_01551
ms0427_pho_01551
ms0427_pho_01551
ms0427_pho_01551
ms0427_pho_01551
ms0427_pho_01551
ms0427_pho_01551
ms0427_pho_01551
ms0427_pho_01551
ms0427_pho_01551
ms0427_pho_01551
ms0427_pho_01551
ms0427_pho_01551
ms0427_pho_01551
ms0427_pho_01551
ms0427_pho_01551
ms0427_pho_01551
ms0427_pho_01551
ms0427_pho_01551
.tif
/dams_ingest/ms0427/ms0427_pho_01552
ms0427_pho_01552
ms0427_pho_01552
ms0427_pho_01552
ms0427_pho_01552
ms0427_pho_01552
ms0427_pho_01552
ms0427_pho_01552
ms0427_pho_01552
ms0427_pho_01552
ms0427_pho_01552
ms0427_pho_01552
ms0427_pho_01552
ms0427_pho_01552
ms0427_pho_01552
ms0427_pho_01552
ms0427_pho_01552
ms0427_pho_01552
ms0427_pho_01552
ms0427_pho_01552
ms0427_pho_01552
ms0427_pho_01552
ms0427_pho_01552
ms0427_pho_01552
ms0427_pho_01552
ms0427_pho_01552
ms0427_pho_01552
ms0427_pho_01552
ms0427_pho_01552
ms0427_pho_01552
ms0427_pho_01552
ms0427_pho_01552
ms0427_pho_01552
ms0427_pho_01552
ms0427_pho_01552
ms0427_pho_01552
ms0427_pho_01552
ms0427_pho_01552
ms0427_pho_01552
ms0427_pho_01552
ms0427_pho_01552
ms0427_pho_01552
ms0427_pho_01552
ms0427_pho_01552
ms0427_pho_01552
ms0427_pho_01552
ms0427_pho_01552
ms0427_pho_01552
ms0427_pho_01552
ms0427_pho_01552
ms0427_pho_01552
ms0427_pho_01552
ms0427_pho_01552
ms0427_pho_01552
ms0427_pho_01552
ms0427_pho_01552
ms0427_pho_01552
ms0427_pho_01552
ms0427_pho_01552
ms0427_pho_01552
ms0427_pho_01552
ms0427_pho_01552
ms0427_pho_01552
ms0427_pho_01552
ms0427_pho_01552
ms0427_pho_01552
ms0427_pho_01552
ms0427_pho_01552
ms0427_pho_01552
ms0427_pho_01552
ms0427_pho_01552
ms0427_pho_01552
ms0427_pho_01552
ms0427_pho_01552
ms0427_pho_01552
ms0427_pho_01552
ms0427_pho_01552
ms0427_pho_01552
ms0427_pho_01552
ms0427_pho_01552
ms0427_pho_01552
ms0427_pho_01552
ms0427_pho_01552
ms0427_pho_01552
ms0427_pho_01552
ms0427_pho_01552
ms0427_pho_01552
ms0427_pho_01552
ms0427_pho_01552
.tif
/dams_ingest/ms0427/ms0427_pho_01553
ms0427_pho_01553
ms0427_pho_01553
ms0427_pho_01553
ms0427_pho_01553
ms0427_pho_01553
ms0427_pho_01553
ms0427_pho_01553
ms0427_pho_01553
ms0427_pho_01553
ms0427_pho_01553
ms0427_pho_01553
ms0427_pho_01553
ms0427_pho_01553
ms0427_pho_01553
ms0427_pho_01553
ms0427_pho_01553
ms0427_pho_01553
ms0427_pho_01553
ms0427_pho_01553
ms0427_pho_01553
ms0427_pho_01553
ms0427_pho_01553
ms0427_pho_01553
ms0427_pho_01553
ms0427_pho_01553
ms0427_pho_01553
ms0427_pho_01553
ms0427_pho_01553
ms0427_pho_01553
ms0427_pho_01553
ms0427_pho_01553
ms0427_pho_01553
ms0427_pho_01553
ms0427_pho_01553
ms0427_pho_01553
ms0427_pho_01553
ms0427_pho_01553
ms0427_pho_01553
ms0427_pho_01553
ms0427_pho_01553
ms0427_pho_01553
ms0427_pho_01553
ms0427_pho_01553
ms0427_pho_01553
ms0427_pho_01553
ms0427_pho_01553
ms0427_pho_01553
ms0427_pho_01553
ms0427_pho_01553
ms0427_pho_01553
ms0427_pho_01553
ms0427_pho_01553
ms0427_pho_01553
ms0427_pho_01553
ms0427_pho_01553
ms0427_pho_01553
ms0427_pho_01553
ms0427_pho_01553
ms0427_pho_01553
ms0427_pho_01553
ms0427_pho_01553
ms0427_pho_01553
ms0427_pho_01553
ms0427_pho_01553
ms0427_pho_01553
ms0427_pho_01553
ms0427_pho_01553
ms0427_pho_01553
ms0427_pho_01553
ms0427_pho_01553
ms0427_pho_01553
ms0427_pho_01553
ms0427_pho_01553
ms0427_pho_01553
ms0427_pho_01553
ms0427_pho_01553
ms0427_pho_01553
ms0427_pho_01553
ms0427_pho_01553
ms0427_pho_01553
ms0427_pho_01553
ms0427_pho_01553
ms0427_pho_01553
ms0427_pho_01553
ms0427_pho_01553
ms0427_pho_01553
ms0427_pho_01553
ms0427_pho_01553
.tif
/dams_ingest/ms0427/ms0427_pho_01554
ms0427_pho_01554
ms0427_pho_01554
ms0427_pho_01554
ms0427_pho_01554
ms0427_pho_01554
ms0427_pho_01554
ms0427_pho_01554
ms0427_pho_01554
ms0427_pho_01554
ms0427_pho_01554
ms0427_pho_01554
ms0427_pho_01554
ms0427_pho_01554
ms0427_pho_01554
ms0427_pho_01554
ms0427_pho_01554
ms0427_pho_01554
ms0427_pho_01554
ms0427_pho_01554
ms0427_pho_01554
ms0427_pho_01554
ms0427_pho_01554
ms0427_pho_01554
ms0427_pho_01554
ms0427_pho_01554
ms0427_pho_01554
ms0427_pho_01554
ms0427_pho_01554
ms0427_pho_01554
ms0427_pho_01554
ms0427_pho_01554
ms0427_pho_01554
ms0427_pho_01554
ms0427_pho_01554
ms0427_pho_01554
ms0427_pho_01554
ms0427_pho_01554
ms0427_pho_01554
ms0427_pho_01554
ms0427_pho_01554
ms0427_pho_01554
ms0427_pho_01554
ms0427_pho_01554
ms0427_pho_01554
ms0427_pho_01554
ms0427_pho_01554
ms0427_pho_01554
ms0427_pho_01554
ms0427_pho_01554
ms0427_pho_01554
ms0427_pho_01554
ms0427_pho_01554
ms0427_pho_01554
ms0427_pho_01554
ms0427_pho_01554
ms0427_pho_01554
ms0427_pho_01554
ms0427_pho_01554
ms0427_pho_01554
ms0427_pho_01554
ms0427_pho_01554
ms0427_pho_01554
ms0427_pho_01554
ms0427_pho_01554
ms0427_pho_01554
ms0427_pho_01554
ms0427_pho_01554
ms0427_pho_01554
ms0427_pho_01554
ms0427_pho_01554
ms0427_pho_01554
ms0427_pho_01554
ms0427_pho_01554
ms0427_pho_01554
ms0427_pho_01554
ms0427_pho_01554
ms0427_pho_01554
ms0427_pho_01554
ms0427_pho_01554
ms0427_pho_01554
ms0427_pho_01554
ms0427_pho_01554
ms0427_pho_01554
ms0427_pho_01554
ms0427_pho_01554
ms0427_pho_01554
ms0427_pho_01554
ms0427_pho_01554
.tif
/dams_ingest/ms0427/ms0427_pho_01555
ms0427_pho_01555
ms0427_pho_01555
ms0427_pho_01555
ms0427_pho_01555
ms0427_pho_01555
ms0427_pho_01555
ms0427_pho_01555
ms0427_pho_01555
ms0427_pho_01555
ms0427_pho_01555
ms0427_pho_01555
ms0427_pho_01555
ms0427_pho_01555
ms0427_pho_01555
ms0427_pho_01555
ms0427_pho_01555
ms0427_pho_01555
ms0427_pho_01555
ms0427_pho_01555
ms0427_pho_01555
ms0427_pho_01555
ms0427_pho_01555
ms0427_pho_01555
ms0427_pho_01555
ms0427_pho_01555
ms0427_pho_01555
ms0427_pho_01555
ms0427_pho_01555
ms0427_pho_01555
ms0427_pho_01555
ms0427_pho_01555
ms0427_pho_01555
ms0427_pho_01555
ms0427_pho_01555
ms0427_pho_01555
ms0427_pho_01555
ms0427_pho_01555
ms0427_pho_01555
ms0427_pho_01555
ms0427_pho_01555
ms0427_pho_01555
ms0427_pho_01555
ms0427_pho_01555
ms0427_pho_01555
ms0427_pho_01555
ms0427_pho_01555
ms0427_pho_01555
ms0427_pho_01555
ms0427_pho_01555
ms0427_pho_01555
ms0427_pho_01555
ms0427_pho_01555
ms0427_pho_01555
ms0427_pho_01555
ms0427_pho_01555
ms0427_pho_01555
ms0427_pho_01555
ms0427_pho_01555
ms0427_pho_01555
ms0427_pho_01555
ms0427_pho_01555
ms0427_pho_01555
ms0427_pho_01555
ms0427_pho_01555
ms0427_pho_01555
ms0427_pho_01555
ms0427_pho_01555
ms0427_pho_01555
ms0427_pho_01555
ms0427_pho_01555
ms0427_pho_01555
ms0427_pho_01555
ms0427_pho_01555
ms0427_pho_01555
ms0427_pho_01555
ms0427_pho_01555
ms0427_pho_01555
ms0427_pho_01555
ms0427_pho_01555
ms0427_pho_01555
ms0427_pho_01555
ms0427_pho_01555
ms0427_pho_01555
ms0427_pho_01555
ms0427_pho_01555
ms0427_pho_01555
ms0427_pho_01555
ms0427_pho_01555
.tif
/dams_ingest/ms0427/ms0427_pho_02607.tif
/dams_ingest/ms0427/ms0427_pho_03285.tif
/dams_ingest/ms0427/ms0427_pho_04223.tif
/dams_ingest/ms0427/ms0427_pho_04919.tif
/dams_ingest/ms0427/ms0427_pho_05574.tif
/dams_ingest/ms0427/ms0427_pho_06197.tif
/dams_ingest/ms0427/ms0427_pho_06844.tif
/dams_ingest/ms0427/ms0427_pho_06873.tif
/dams_ingest/ms0427/ms0427_pho_07020.tif
/dams_ingest/ms0427/ms0427_pho_07215.tif
/dams_ingest/ms0427/ms0427_pho_07217.tif
/dams_ingest/ms0427/ms0427_pho_07219.tif
/dams_ingest/ms0427/ms0427_pho_07492.tif
/dams_ingest/ms0427/ms0427_pho_07556.tif
/dams_ingest/ms0427/ms0427_pho_07557.tif
/dams_ingest/ms0427/ms0427_pho_07558.tif
/dams_ingest/ms0427/ms0427_pho_07559.tif
/dams_ingest/ms0427/ms0427_pho_07560.tif
/dams_ingest/ms0427/ms0427_pho_07561.tif
/dams_ingest/ms0427/ms0427_pho_07562.tif
/dams_ingest/ms0427/ms0427_pho_07563.tif
/dams_ingest/ms0427/ms0427_pho_07564.tif
/dams_ingest/ms0427/ms0427_pho_07565.tif
/dams_ingest/ms0427/ms0427_pho_07566.tif
/dams_ingest/ms0427/ms0427_pho_07567.tif
/dams_ingest/ms0427/ms0427_pho_07568.tif
/dams_ingest/ms0427/ms0427_pho_07570.tif
/dams_ingest/ms0427/ms0427_pho_07571.tif
/dams_ingest/ms0427/ms0427_pho_07572.tif
/dams_ingest/ms0427/ms0427_pho_07573.tif
/dams_ingest/ms0427/ms0427_pho_07574.tif
/dams_ingest/ms0427/ms0427_pho_07575.tif
/dams_ingest/ms0427/ms0427_pho_07576.tif
/dams_ingest/ms0427/ms0427_pho_07577.tif
/dams_ingest/ms0427/ms0427_pho_07578.tif
/dams_ingest/ms0427/ms0427_pho_07579.tif
/dams_ingest/ms0427/ms0427_pho_07580.tif
/dams_ingest/ms0427/ms0427_pho_07581.tif
/dams_ingest/ms0427/ms0427_pho_07582.tif
/dams_ingest/ms0427/ms0427_pho_07583.tif
/dams_ingest/ms0427/ms0427_pho_07584.tif
/dams_ingest/ms0427/ms0427_pho_07585.tif
/dams_ingest/ms0427/ms0427_pho_07586.tif
/dams_ingest/ms0427/ms0427_pho_07587.tif
/dams_ingest/ms0427/ms0427_pho_07588.tif
/dams_ingest/ms0427/ms0427_pho_07589.tif
/dams_ingest/ms0427/ms0427_pho_07590.tif
/dams_ingest/ms0427/ms0427_pho_07591.tif
/dams_ingest/ms0427/ms0427_pho_07592.tif
/dams_ingest/ms0427/ms0427_pho_07593.tif
/dams_ingest/ms0427/ms0427_pho_07594.tif
/dams_ingest/ms0427/ms0427_pho_07595.tif
/dams_ingest/ms0427/ms0427_pho_07596.tif
/dams_ingest/ms0427/ms0427_pho_07597.tif
/dams_ingest/ms0427/ms0427_pho_07598.tif
/dams_ingest/ms0427/ms0427_pho_07599.tif
/dams_ingest/ms0427/ms0427_pho_07600.tif
/dams_ingest/ms0427/ms0427_pho_07602.tif
/dams_ingest/ms0427/ms0427_pho_07603.tif
/dams_ingest/ms0427/ms0427_pho_07605.tif
/dams_ingest/ms0427/ms0427_pho_07606.tif
/dams_ingest/ms0427/ms0427_pho_07607.tif
/dams_ingest/ms0427/ms0427_pho_07608.tif
/dams_ingest/ms0427/ms0427_pho_07609.tif
/dams_ingest/ms0427/ms0427_pho_07610.tif
/dams_ingest/ms0427/ms0427_pho_07611.tif
/dams_ingest/ms0427/ms0427_pho_07612.tif
/dams_ingest/ms0427/ms0427_pho_07613.tif
/dams_ingest/ms0427/ms0427_pho_07614.tif
/dams_ingest/ms0427/ms0427_pho_07615.tif
/dams_ingest/ms0427/ms0427_pho_07616.tif
/dams_ingest/ms0427/ms0427_pho_07960.tif
/dams_ingest/ms0427/ms0427_pho_07961.tif
/dams_ingest/ms0427/ms0427_pho_07962.tif
/dams_ingest/ms0427/ms0427_pho_07963.tif
/dams_ingest/ms0427/ms0427_pho_10631.tif
/dams_ingest/ms0427/ms0427_pho_10669.tif
/dams_ingest/ms0427/ms0427_pho_10825.tif
/dams_ingest/ms0427/ms0427_pho_10826.tif
/dams_ingest/ms0427/ms0427_pho_10851.tif